[19:21:04] [ServerMain/INFO]: [bootstrap] Running Java 21 (OpenJDK 64-Bit Server VM 21.0.6+7-Ubuntu-120.04.1; Ubuntu null) on Linux 6.8.0-1021-azure (amd64)
[19:21:04] [ServerMain/INFO]: [bootstrap] Loading Paper 1.21-130-master@b1b5d4c (2024-08-10T10:02:42Z) for Minecraft 1.21
[19:21:04] [ServerMain/INFO]: [PluginInitializerManager] Initializing plugins...
[19:21:04] [ServerMain/INFO]: [PluginInitializerManager] Initialized 0 plugins
[19:21:06] [Paper Plugin Remapper Thread - 0/INFO]: [ReobfServer] Remapping server...
[19:21:17] [ServerMain/INFO]: Environment: Environment[sessionHost=https://sessionserver.mojang.com, servicesHost=https://api.minecraftservices.com, name=PROD]
[19:21:17] [ServerMain/INFO]: Found new data pack file/bukkit, loading it automatically
[19:21:17] [ServerMain/INFO]: Found new data pack paper, loading it automatically
[19:21:20] [ServerMain/INFO]: No existing world data, creating new world
[19:21:21] [Paper Plugin Remapper Thread - 0/INFO]: [ReobfServer] Done remapping server in 15125ms.
[19:21:22] [ServerMain/INFO]: Loaded 1290 recipes
[19:21:22] [ServerMain/INFO]: Loaded 1399 advancements
[19:21:22] [Server thread/INFO]: Starting minecraft server version 1.21
[19:21:22] [Server thread/INFO]: Loading properties
[19:21:22] [Server thread/INFO]: This server is running Paper version 1.21-130-master@b1b5d4c (2024-08-10T10:02:42Z) (Implementing API version 1.21-R0.1-SNAPSHOT)
[19:21:23] [Server thread/INFO]: [spark] This server bundles the spark profiler. For more information please visit https://docs.papermc.io/paper/profiling
[19:21:24] [Server thread/INFO]: Using 4 threads for Netty based IO
[19:21:24] [Server thread/INFO]: Server Ping Player Sample Count: 12
[19:21:24] [Server thread/INFO]: [ChunkTaskScheduler] Chunk system is using 1 I/O threads, 1 worker threads, and population gen parallelism of 1 threads
[19:21:25] [Server thread/INFO]: Default game type: SURVIVAL
[19:21:25] [Server thread/INFO]: Generating keypair
[19:21:25] [Server thread/INFO]: Starting Minecraft server on *:25565
[19:21:25] [Server thread/INFO]: Using epoll channel type
[19:21:25] [Server thread/INFO]: Paper: Using libdeflate (Linux x86_64) compression from Velocity.
[19:21:25] [Server thread/INFO]: Paper: Using OpenSSL 1.1.x (Linux x86_64) cipher from Velocity.
[19:21:25] [Server thread/WARN]: **** SERVER IS RUNNING IN OFFLINE/INSECURE MODE!
[19:21:25] [Server thread/WARN]: The server will make no attempt to authenticate usernames. Beware.
[19:21:25] [Server thread/WARN]: While this makes the game possible to play without internet access, it also opens up the ability for hackers to connect with any username they choose.
[19:21:25] [Server thread/WARN]: To change this, set "online-mode" to "true" in the server.properties file.
[19:21:25] [Server thread/INFO]: Preparing level "world"
[19:21:44] [Server thread/INFO]: Preparing start region for dimension minecraft:overworld
[19:21:55] [Server thread/INFO]: Time elapsed: 11664 ms
[19:21:55] [Server thread/INFO]: Preparing start region for dimension minecraft:the_nether
[19:21:59] [Server thread/INFO]: Time elapsed: 3448 ms
[19:21:59] [Server thread/INFO]: Preparing start region for dimension minecraft:the_end
[19:22:00] [Server thread/INFO]: Time elapsed: 904 ms
[19:22:00] [Server thread/INFO]: [spark] Starting background profiler...
[19:22:00] [Server thread/INFO]: Done preparing level "world" (35.047s)
[19:22:00] [Server thread/INFO]: Running delayed init tasks
[19:22:00] [Server thread/INFO]: Done (58.186s)! For help, type "help"
[19:22:00] [Server thread/INFO]: *************************************************************************************
[19:22:00] [Server thread/INFO]: This is the first time you're starting this server.
[19:22:00] [Server thread/INFO]: It's recommended you read our 'Getting Started' documentation for guidance.
[19:22:00] [Server thread/INFO]: View this and more helpful information here: https://docs.papermc.io/paper/next-steps
[19:22:00] [Server thread/INFO]: *************************************************************************************
[19:22:00] [Server thread/INFO]: Timings Reset
[19:22:00] [Server thread/INFO]: Unknown or incomplete command, see below for error
/home/codespace/.python/current/bin/python /workspaces/serverz../msx.py<--[HERE]
